-------------------------------------------------------------------------------
Test set: com.metro.controller.UserControllerTest
-------------------------------------------------------------------------------
Tests run: 1, Failures: 1, Errors: 0, Skipped: 0, Time elapsed: 7.208 sec <<< FAILURE! - in com.metro.controller.UserControllerTest
platform_cdc_javaConsumer - ExampleJavaConsumerPactTest test interaction(com.metro.controller.UserControllerTest)  Time elapsed: 1.539 sec  <<< FAILURE!
java.lang.AssertionError: 
0 - $.password -> [{mismatch=Expected 'micel' but received 'michel', diff=}]
	at au.com.dius.pact.provider.junit.target.BaseTarget.getAssertionError(BaseTarget.java:86)
	at au.com.dius.pact.provider.junit.target.HttpTarget.testInteraction(HttpTarget.java:120)
	at au.com.dius.pact.provider.junit.InteractionRunner$2.evaluate(InteractionRunner.java:214)
	at au.com.dius.pact.provider.junit.RunStateChanges.evaluate(RunStateChanges.java:31)
	at au.com.dius.pact.provider.junit.InteractionRunner.run(InteractionRunner.java:162)
	at au.com.dius.pact.provider.junit.PactRunner.runChild(PactRunner.java:114)
	at au.com.dius.pact.provider.junit.PactRunner.runChild(PactRunner.java:52)
	at org.junit.runners.ParentRunner$3.run(ParentRunner.java:290)
	at org.junit.runners.ParentRunner$1.schedule(ParentRunner.java:71)
	at org.junit.runners.ParentRunner.runChildren(ParentRunner.java:288)
	at org.junit.runners.ParentRunner.access$000(ParentRunner.java:58)
	at org.junit.runners.ParentRunner$2.evaluate(ParentRunner.java:268)
	at org.junit.internal.runners.statements.RunBefores.evaluate(RunBefores.java:26)
	at org.junit.internal.runners.statements.RunAfters.evaluate(RunAfters.java:27)
	at org.junit.runners.ParentRunner.run(ParentRunner.java:363)
	at org.apache.maven.surefire.junit4.JUnit4Provider.execute(JUnit4Provider.java:283)
	at org.apache.maven.surefire.junit4.JUnit4Provider.executeWithRerun(JUnit4Provider.java:173)
	at org.apache.maven.surefire.junit4.JUnit4Provider.executeTestSet(JUnit4Provider.java:153)
	at org.apache.maven.surefire.junit4.JUnit4Provider.invoke(JUnit4Provider.java:128)
	at org.apache.maven.surefire.booter.ForkedBooter.invokeProviderInSameClassLoader(ForkedBooter.java:203)
	at org.apache.maven.surefire.booter.ForkedBooter.runSuitesInProcess(ForkedBooter.java:155)
	at org.apache.maven.surefire.booter.ForkedBooter.main(ForkedBooter.java:103)

