# JRE version: OpenJDK Runtime Environment (8.0_151-b12) (build 1.8.0_151-8u151-b12-0ubuntu0.16.04.2-b12)
# Java VM: OpenJDK 64-Bit Server VM (25.151-b12 mixed mode linux-amd64 compressed oops)
Heap:
 def new generation   total 9216K, used 152K [0x00000000f0800000, 0x00000000f11f0000, 0x00000000f5aa0000)
  eden space 8256K,   1% used [0x00000000f0800000, 0x00000000f0826220, 0x00000000f1010000)
  from space 960K,   0% used [0x00000000f1100000, 0x00000000f1100000, 0x00000000f11f0000)
  to   space 960K,   0% used [0x00000000f1010000, 0x00000000f1010000, 0x00000000f1100000)
 tenured generation   total 22580K, used 22579K [0x00000000f5aa0000, 0x00000000f70ad000, 0x0000000100000000)
   the space 22580K,  99% used [0x00000000f5aa0000, 0x00000000f70acfe0, 0x00000000f70ad000, 0x00000000f70ad000)
 Metaspace       used 22763K, capacity 23364K, committed 23552K, reserved 1071104K
  class space    used 2627K, capacity 2765K, committed 2816K, reserved 1048576K
GC Heap History (10 events):
Event: 5.946 GC heap after
Heap after GC invocations=54 (full 2):
 def new generation   total 9216K, used 356K [0x00000000f0800000, 0x00000000f11f0000, 0x00000000f5aa0000)
  eden space 8256K,   0% used [0x00000000f0800000, 0x00000000f0800000, 0x00000000f1010000)
  from space 960K,  37% used [0x00000000f1010000, 0x00000000f10692f0, 0x00000000f1100000)
  to   space 960K,   0% used [0x00000000f1100000, 0x00000000f1100000, 0x00000000f11f0000)
 tenured generation   total 20276K, used 17445K [0x00000000f5aa0000, 0x00000000f6e6d000, 0x0000000100000000)
   the space 20276K,  86% used [0x00000000f5aa0000, 0x00000000f6ba9500, 0x00000000f6ba9600, 0x00000000f6e6d000)
 Metaspace       used 18468K, capacity 18920K, committed 19200K, reserved 1067008K
  class space    used 2080K, capacity 2202K, committed 2304K, reserved 1048576K
}
Event: 6.034 GC heap before
{Heap before GC invocations=54 (full 2):
 def new generation   total 9216K, used 8612K [0x00000000f0800000, 0x00000000f11f0000, 0x00000000f5aa0000)
  eden space 8256K, 100% used [0x00000000f0800000, 0x00000000f1010000, 0x00000000f1010000)
  from space 960K,  37% used [0x00000000f1010000, 0x00000000f10692f0, 0x00000000f1100000)
  to   space 960K,   0% used [0x00000000f1100000, 0x00000000f1100000, 0x00000000f11f0000)
 tenured generation   total 20276K, used 17445K [0x00000000f5aa0000, 0x00000000f6e6d000, 0x0000000100000000)
   the space 20276K,  86% used [0x00000000f5aa0000, 0x00000000f6ba9500, 0x00000000f6ba9600, 0x00000000f6e6d000)
 Metaspace       used 18483K, capacity 18926K, committed 19200K, reserved 1067008K
  class space    used 2081K, capacity 2203K, committed 2304K, reserved 1048576K
Event: 6.036 GC heap after
Heap after GC invocations=55 (full 2):
 def new generation   total 9216K, used 794K [0x00000000f0800000, 0x00000000f11f0000, 0x00000000f5aa0000)
  eden space 8256K,   0% used [0x00000000f0800000, 0x00000000f0800000, 0x00000000f1010000)
  from space 960K,  82% used [0x00000000f1100000, 0x00000000f11c6a48, 0x00000000f11f0000)
  to   space 960K,   0% used [0x00000000f1010000, 0x00000000f1010000, 0x00000000f1100000)
 tenured generation   total 20276K, used 17445K [0x00000000f5aa0000, 0x00000000f6e6d000, 0x0000000100000000)
   the space 20276K,  86% used [0x00000000f5aa0000, 0x00000000f6ba9500, 0x00000000f6ba9600, 0x00000000f6e6d000)
 Metaspace       used 18483K, capacity 18926K, committed 19200K, reserved 1067008K
  class space    used 2081K, capacity 2203K, committed 2304K, reserved 1048576K
}
Event: 6.195 GC heap before
{Heap before GC invocations=55 (full 2):
 def new generation   total 9216K, used 9050K [0x00000000f0800000, 0x00000000f11f0000, 0x00000000f5aa0000)
  eden space 8256K, 100% used [0x00000000f0800000, 0x00000000f1010000, 0x00000000f1010000)
  from space 960K,  82% used [0x00000000f1100000, 0x00000000f11c6a48, 0x00000000f11f0000)
  to   space 960K,   0% used [0x00000000f1010000, 0x00000000f1010000, 0x00000000f1100000)
 tenured generation   total 20276K, used 17445K [0x00000000f5aa0000, 0x00000000f6e6d000, 0x0000000100000000)
   the space 20276K,  86% used [0x00000000f5aa0000, 0x00000000f6ba9500, 0x00000000f6ba9600, 0x00000000f6e6d000)
 Metaspace       used 18659K, capacity 19184K, committed 19456K, reserved 1067008K
  class space    used 2099K, capacity 2245K, committed 2304K, reserved 1048576K
Event: 6.201 GC heap after
Heap after GC invocations=56 (full 2):
 def new generation   total 9216K, used 571K [0x00000000f0800000, 0x00000000f11f0000, 0x00000000f5aa0000)
  eden space 8256K,   0% used [0x00000000f0800000, 0x00000000f0800000, 0x00000000f1010000)
  from space 960K,  59% used [0x00000000f1010000, 0x00000000f109ed60, 0x00000000f1100000)
  to   space 960K,   0% used [0x00000000f1100000, 0x00000000f1100000, 0x00000000f11f0000)
 tenured generation   total 20276K, used 18086K [0x00000000f5aa0000, 0x00000000f6e6d000, 0x0000000100000000)
   the space 20276K,  89% used [0x00000000f5aa0000, 0x00000000f6c49bc0, 0x00000000f6c49c00, 0x00000000f6e6d000)
 Metaspace       used 18659K, capacity 19184K, committed 19456K, reserved 1067008K
  class space    used 2099K, capacity 2245K, committed 2304K, reserved 1048576K
}
Event: 6.462 GC heap before
{Heap before GC invocations=56 (full 2):
 def new generation   total 9216K, used 8827K [0x00000000f0800000, 0x00000000f11f0000, 0x00000000f5aa0000)
  eden space 8256K, 100% used [0x00000000f0800000, 0x00000000f1010000, 0x00000000f1010000)
  from space 960K,  59% used [0x00000000f1010000, 0x00000000f109ed60, 0x00000000f1100000)
  to   space 960K,   0% used [0x00000000f1100000, 0x00000000f1100000, 0x00000000f11f0000)
 tenured generation   total 20276K, used 18086K [0x00000000f5aa0000, 0x00000000f6e6d000, 0x0000000100000000)
   the space 20276K,  89% used [0x00000000f5aa0000, 0x00000000f6c49bc0, 0x00000000f6c49c00, 0x00000000f6e6d000)
 Metaspace       used 20540K, capacity 21124K, committed 21248K, reserved 1069056K
  class space    used 2349K, capacity 2509K, committed 2560K, reserved 1048576K
Event: 6.466 GC heap after
Heap after GC invocations=57 (full 2):
 def new generation   total 9216K, used 889K [0x00000000f0800000, 0x00000000f11f0000, 0x00000000f5aa0000)
  eden space 8256K,   0% used [0x00000000f0800000, 0x00000000f0800000, 0x00000000f1010000)
  from space 960K,  92% used [0x00000000f1100000, 0x00000000f11de6c8, 0x00000000f11f0000)
  to   space 960K,   0% used [0x00000000f1010000, 0x00000000f1010000, 0x00000000f1100000)
 tenured generation   total 20276K, used 18408K [0x00000000f5aa0000, 0x00000000f6e6d000, 0x0000000100000000)
   the space 20276K,  90% used [0x00000000f5aa0000, 0x00000000f6c9a1b0, 0x00000000f6c9a200, 0x00000000f6e6d000)
 Metaspace       used 20540K, capacity 21124K, committed 21248K, reserved 1069056K
  class space    used 2349K, capacity 2509K, committed 2560K, reserved 1048576K
}
Event: 6.790 GC heap before
{Heap before GC invocations=57 (full 2):
 def new generation   total 9216K, used 9145K [0x00000000f0800000, 0x00000000f11f0000, 0x00000000f5aa0000)
  eden space 8256K, 100% used [0x00000000f0800000, 0x00000000f1010000, 0x00000000f1010000)
  from space 960K,  92% used [0x00000000f1100000, 0x00000000f11de6c8, 0x00000000f11f0000)
  to   space 960K,   0% used [0x00000000f1010000, 0x00000000f1010000, 0x00000000f1100000)
 tenured generation   total 20276K, used 18408K [0x00000000f5aa0000, 0x00000000f6e6d000, 0x0000000100000000)
   the space 20276K,  90% used [0x00000000f5aa0000, 0x00000000f6c9a1b0, 0x00000000f6c9a200, 0x00000000f6e6d000)
 Metaspace       used 22390K, capacity 22948K, committed 23040K, reserved 1069056K
  class space    used 2597K, capacity 2733K, committed 2816K, reserved 1048576K
Event: 6.794 GC heap after
Heap after GC invocations=58 (full 2):
 def new generation   total 9216K, used 716K [0x00000000f0800000, 0x00000000f11f0000, 0x00000000f5aa0000)
  eden space 8256K,   0% used [0x00000000f0800000, 0x00000000f0800000, 0x00000000f1010000)
  from space 960K,  74% used [0x00000000f1010000, 0x00000000f10c30e8, 0x00000000f1100000)
  to   space 960K,   0% used [0x00000000f1100000, 0x00000000f1100000, 0x00000000f11f0000)
 tenured generation   total 20276K, used 19113K [0x00000000f5aa0000, 0x00000000f6e6d000, 0x0000000100000000)
   the space 20276K,  94% used [0x00000000f5aa0000, 0x00000000f6d4a4d8, 0x00000000f6d4a600, 0x00000000f6e6d000)
 Metaspace       used 22390K, capacity 22948K, committed 23040K, reserved 1069056K
  class space    used 2597K, capacity 2733K, committed 2816K, reserved 1048576K
}
Event: 7.175 GC heap before
{Heap before GC invocations=58 (full 2):
 def new generation   total 9216K, used 8972K [0x00000000f0800000, 0x00000000f11f0000, 0x00000000f5aa0000)
  eden space 8256K, 100% used [0x00000000f0800000, 0x00000000f1010000, 0x00000000f1010000)
  from space 960K,  74% used [0x00000000f1010000, 0x00000000f10c30e8, 0x00000000f1100000)
  to   space 960K,   0% used [0x00000000f1100000, 0x00000000f1100000, 0x00000000f11f0000)
 tenured generation   total 20276K, used 19113K [0x00000000f5aa0000, 0x00000000f6e6d000, 0x0000000100000000)
   the space 20276K,  94% used [0x00000000f5aa0000, 0x00000000f6d4a4d8, 0x00000000f6d4a600, 0x00000000f6e6d000)
 Metaspace       used 22763K, capacity 23364K, committed 23552K, reserved 1071104K
  class space    used 2627K, capacity 2765K, committed 2816K, reserved 1048576K

